2017-06-14T09:13:55+00:00 INFO Queuing 3.0.0 - wc_update_300_webhooks
2017-06-14T09:13:55+00:00 INFO Queuing 3.0.0 - wc_update_300_grouped_products
2017-06-14T09:13:55+00:00 INFO Queuing 3.0.0 - wc_update_300_settings
2017-06-14T09:13:55+00:00 INFO Queuing 3.0.0 - wc_update_300_product_visibility
2017-06-14T09:13:55+00:00 INFO Queuing 3.0.0 - wc_update_300_db_version
2017-06-14T09:13:59+00:00 INFO Running wc_update_300_webhooks callback
2017-06-14T09:13:59+00:00 INFO Finished wc_update_300_webhooks callback
2017-06-14T09:13:59+00:00 INFO Running wc_update_300_grouped_products callback
2017-06-14T09:13:59+00:00 INFO Finished wc_update_300_grouped_products callback
2017-06-14T09:13:59+00:00 INFO Running wc_update_300_settings callback
2017-06-14T09:13:59+00:00 INFO Finished wc_update_300_settings callback
2017-06-14T09:13:59+00:00 INFO Running wc_update_300_product_visibility callback
2017-06-14T09:13:59+00:00 INFO Finished wc_update_300_product_visibility callback
2017-06-14T09:13:59+00:00 INFO Running wc_update_300_db_version callback
2017-06-14T09:13:59+00:00 INFO Finished wc_update_300_db_version callback
2017-06-14T09:13:59+00:00 INFO Data update complete
2017-06-30T06:28:37+00:00 INFO Queuing 3.1.0 - wc_update_310_downloadable_products
2017-06-30T06:28:37+00:00 INFO Queuing 3.1.0 - wc_update_310_old_comments
2017-06-30T06:28:37+00:00 INFO Queuing 3.1.0 - wc_update_310_db_version
2017-06-30T06:28:39+00:00 INFO Running wc_update_310_downloadable_products callback
2017-06-30T06:28:39+00:00 INFO Finished wc_update_310_downloadable_products callback
2017-06-30T06:28:39+00:00 INFO Running wc_update_310_old_comments callback
2017-06-30T06:28:39+00:00 INFO Finished wc_update_310_old_comments callback
2017-06-30T06:28:39+00:00 INFO Running wc_update_310_db_version callback
2017-06-30T06:28:39+00:00 INFO Finished wc_update_310_db_version callback
2017-06-30T06:28:39+00:00 INFO Data update complete
2017-07-05T01:51:00+00:00 INFO Queuing 3.1.0 - wc_update_310_downloadable_products
2017-07-05T01:51:00+00:00 INFO Queuing 3.1.0 - wc_update_310_old_comments
2017-07-05T01:51:00+00:00 INFO Queuing 3.1.0 - wc_update_310_db_version
2017-07-05T01:51:02+00:00 INFO Running wc_update_310_downloadable_products callback
2017-07-05T01:51:02+00:00 INFO Finished wc_update_310_downloadable_products callback
2017-07-05T01:51:02+00:00 INFO Running wc_update_310_old_comments callback
2017-07-05T01:51:02+00:00 INFO Finished wc_update_310_old_comments callback
2017-07-05T01:51:02+00:00 INFO Running wc_update_310_db_version callback
2017-07-05T01:51:02+00:00 INFO Finished wc_update_310_db_version callback
2017-07-05T01:51:02+00:00 INFO Data update complete
2017-08-07T19:26:19+00:00 INFO Queuing 3.1.0 - wc_update_310_downloadable_products
2017-08-07T19:26:19+00:00 INFO Queuing 3.1.0 - wc_update_310_old_comments
2017-08-07T19:26:19+00:00 INFO Queuing 3.1.0 - wc_update_310_db_version
2017-08-07T19:26:21+00:00 INFO Running wc_update_310_downloadable_products callback
2017-08-07T19:26:21+00:00 INFO Finished wc_update_310_downloadable_products callback
2017-08-07T19:26:21+00:00 INFO Running wc_update_310_old_comments callback
2017-08-07T19:26:21+00:00 INFO Finished wc_update_310_old_comments callback
2017-08-07T19:26:21+00:00 INFO Running wc_update_310_db_version callback
2017-08-07T19:26:21+00:00 INFO Finished wc_update_310_db_version callback
2017-08-07T19:26:21+00:00 INFO Data update complete
